Vivado Simulator 2019.2
Time resolution is 1 ps

x10 is xxxxxxxxxxxxxxxxxxxxxxxxxxxxxxxx 
x27 is xxxxxxxxxxxxxxxxxxxxxxxxxxxxxxxx
x28 is xxxxxxxxxxxxxxxxxxxxxxxxxxxxxxxx
x29 is xxxxxxxxxxxxxxxxxxxxxxxxxxxxxxxx
x30 is xxxxxxxxxxxxxxxxxxxxxxxxxxxxxxxx


x10 is 00000000000000000000000000000000 
x27 is 00000000000000000000000000000000
x28 is 00000000000000000000000000000000
x29 is 00000000000000000000000000000000
x30 is 00000000000000000000000000000000

instruction is     954003

x10 is 00000000000000000000000000000000 
x27 is 00000000000000000000000000000000
x28 is 00000000000000000000000000000000
x29 is 00000000000000000000000000000000
x30 is 00000000000000000000000000000000


x10 is 00000000000000000000000000000000 
x27 is 00000000000000000000000000000000
x28 is 00000000000000000000000000000000
x29 is 00000000000000000000000000000000
x30 is 00000000000000000000000000000000


x10 is 00000000000000000000000000000000 
x27 is 00000000000000000000000000000000
x28 is 00000000000000000000000000000000
x29 is 00000000000000000000000000000000
x30 is 00000000000000000000000000000000

          0 value is 00000000000000000000000000101101
          1 value is 11111111111111111111111111101100
          2 value is 00000000000000000000000000000000
          3 value is 00000000000000000000000000000000
          4 value is 00000000000000000000000000000000
          5 value is 00000000000000000000000000000000
          6 value is 00000000000000000000000000000000
          7 value is 00000000000000000000000000000000

x10 is 00000000000000000000000000000000 
x27 is 00000000000000000000000000000000
x28 is 00000000000000000000000000000000
x29 is 00000000000000000000000000000000
x30 is 00000000000000000000000000000000

instruction is    2035475

x10 is 00000000000000000000000000000000 
x27 is 00000000000000000000000000000000
x28 is 00000000000000000000000000000000
x29 is 00000000000000000000000000000000
x30 is 00000000000000000000000000000000


x10 is 00000000000000000000000000000000 
x27 is 00000000000000000000000000000000
x28 is 00000000000000000000000000000000
x29 is 00000000000000000000000000000000
x30 is 00000000000000000000000000000000


x10 is 00000000000000000000000000000000 
x27 is 00000000000000000000000000000000
x28 is 00000000000000000000000000000000
x29 is 00000000000000000000000000000000
x30 is 00000000000000000000000000000000

          0 value is 00000000000000000000000000101101
          1 value is 11111111111111111111111111101100
          2 value is 00000000000000000000000000000000
          3 value is 00000000000000000000000000000000
          4 value is 00000000000000000000000000000000
          5 value is 00000000000000000000000000000000
          6 value is 00000000000000000000000000000000
          7 value is 00000000000000000000000000000000

x10 is 00000000000000000000000000000000 
x27 is 00000000000000000000000000000000
x28 is 00000000000000000000000000000000
x29 is 00000000000000000000000000000000
x30 is 00000000000000000000000000000000

instruction is     962051

x10 is 00000000000000000000000000000000 
x27 is 00000000000000000000000000000000
x28 is 00000000000000000000000000000000
x29 is 00000000000000000000000000000000
x30 is 00000000000000000000000000000001


x10 is 00000000000000000000000000000000 
x27 is 00000000000000000000000000000000
x28 is 00000000000000000000000000000000
x29 is 00000000000000000000000000000000
x30 is 00000000000000000000000000000001


x10 is 00000000000000000000000000000000 
x27 is 00000000000000000000000000000000
x28 is 00000000000000000000000000000000
x29 is 00000000000000000000000000000000
x30 is 00000000000000000000000000000001

write value is         45
          0 value is 00000000000000000000000000101101
          1 value is 11111111111111111111111111101100
          2 value is 00000000000000000000000000000000
          3 value is 00000000000000000000000000000000
          4 value is 00000000000000000000000000000000
          5 value is 00000000000000000000000000000000
          6 value is 00000000000000000000000000000000
          7 value is 00000000000000000000000000000000

x10 is 00000000000000000000000000000000 
x27 is 00000000000000000000000000000000
x28 is 00000000000000000000000000000000
x29 is 00000000000000000000000000000000
x30 is 00000000000000000000000000000001

instruction is     994691

x10 is 00000000000000000000000000000000 
x27 is 00000000000000000000000000000000
x28 is 00000000000000000000000000101101
x29 is 00000000000000000000000000000000
x30 is 00000000000000000000000000000001


x10 is 00000000000000000000000000000000 
x27 is 00000000000000000000000000000000
x28 is 00000000000000000000000000101101
x29 is 00000000000000000000000000000000
x30 is 00000000000000000000000000000001


x10 is 00000000000000000000000000000000 
x27 is 00000000000000000000000000000000
x28 is 00000000000000000000000000101101
x29 is 00000000000000000000000000000000
x30 is 00000000000000000000000000000001

write value is 4294967276
          0 value is 00000000000000000000000000101101
          1 value is 11111111111111111111111111101100
          2 value is 00000000000000000000000000000000
          3 value is 00000000000000000000000000000000
          4 value is 00000000000000000000000000000000
          5 value is 00000000000000000000000000000000
          6 value is 00000000000000000000000000000000
          7 value is 00000000000000000000000000000000

x10 is 00000000000000000000000000000000 
x27 is 00000000000000000000000000000000
x28 is 00000000000000000000000000101101
x29 is 00000000000000000000000000000000
x30 is 00000000000000000000000000000001

instruction is   31327539

x10 is 00000000000000000000000000000000 
x27 is 11111111111111111111111111101100
x28 is 00000000000000000000000000101101
x29 is 00000000000000000000000000000000
x30 is 00000000000000000000000000000001


x10 is 00000000000000000000000000000000 
x27 is 11111111111111111111111111101100
x28 is 00000000000000000000000000101101
x29 is 00000000000000000000000000000000
x30 is 00000000000000000000000000000001


x10 is 00000000000000000000000000000000 
x27 is 11111111111111111111111111101100
x28 is 00000000000000000000000000101101
x29 is 00000000000000000000000000000000
x30 is 00000000000000000000000000000001

          0 value is 00000000000000000000000000101101
          1 value is 11111111111111111111111111101100
          2 value is 00000000000000000000000000000000
          3 value is 00000000000000000000000000000000
          4 value is 00000000000000000000000000000000
          5 value is 00000000000000000000000000000000
          6 value is 00000000000000000000000000000000
          7 value is 00000000000000000000000000000000

x10 is 00000000000000000000000000000000 
x27 is 11111111111111111111111111101100
x28 is 00000000000000000000000000101101
x29 is 00000000000000000000000000000000
x30 is 00000000000000000000000000000001

instruction is   30744611

x10 is 00000000000000000000000000101101 
x27 is 11111111111111111111111111101100
x28 is 00000000000000000000000000101101
x29 is 00000000000000000000000000000000
x30 is 00000000000000000000000000000001


x10 is 00000000000000000000000000101101 
x27 is 11111111111111111111111111101100
x28 is 00000000000000000000000000101101
x29 is 00000000000000000000000000000000
x30 is 00000000000000000000000000000001


x10 is 00000000000000000000000000101101 
x27 is 11111111111111111111111111101100
x28 is 00000000000000000000000000101101
x29 is 00000000000000000000000000000000
x30 is 00000000000000000000000000000001

          0 value is 00000000000000000000000000101101
          1 value is 11111111111111111111111111101100
          2 value is 00000000000000000000000000000000
          3 value is 00000000000000000000000000000000
          4 value is 00000000000000000000000000000000
          5 value is 00000000000000000000000000000000
          6 value is 00000000000000000000000000000000
          7 value is 00000000000000000000000000000000

x10 is 00000000000000000000000000101101 
x27 is 11111111111111111111111111101100
x28 is 00000000000000000000000000101101
x29 is 00000000000000000000000000000000
x30 is 00000000000000000000000000000001

instruction is          0

x10 is 00000000000000000000000000101101